<?xml version="1.0" encoding="UTF-8"?>
<!-- Generated by org.testng.reporters.JUnitReportReporter -->
<testsuite skipped="0" hostname="DESKTOP-9HTBPRE" name="MMTtestCases.click_hotel" tests="1" failures="0" timestamp="1 Dec 2019 07:55:23 GMT" time="11.565" errors="0">
  <testcase name="first" time="11.565" classname="MMTtestCases.click_hotel"/>
</testsuite> <!-- MMTtestCases.click_hotel -->
